<?xml version="1.0" encoding="UTF-8"?>
<testsuite xmlns:xsi="http://www.w3.org/2001/XMLSchema-instance" xsi:noNamespaceSchemaLocation="https://maven.apache.org/surefire/maven-surefire-plugin/xsd/surefire-test-report-3.0.xsd" version="3.0" name="pdl.backend.ImageControllerTests" time="10.586" tests="7" errors="0" skipped="0" failures="0">
  <properties>
[...]
</properties>
  <testcase name="getImageListShouldReturnSuccess" classname="pdl.backend.ImageControllerTests" time="2.135">
    <system-out><![CDATA[21:51:33.062 [main] INFO org.springframework.test.context.support.AnnotationConfigContextLoaderUtils -- Could not detect default configuration classes for test class [pdl.backend.ImageControllerTests]: ImageControllerTests does not declare any static, non-private, non-final, nested classes annotated with @Configuration.
21:51:33.437 [main] INFO org.springframework.boot.test.context.SpringBootTestContextBootstrapper -- Found @SpringBootConfiguration pdl.backend.BackendApplication for test class pdl.backend.ImageControllerTests
21:51:33.833 [main] INFO org.springframework.boot.devtools.restart.RestartApplicationListener -- Restart disabled due to context in which it is running

  .   ____          _            __ _ _
 /\\ / ___'_ __ _ _(_)_ __  __ _ \ \ \ \
( ( )\___ | '_ | '_| | '_ \/ _` | \ \ \ \
 \\/  ___)| |_)| | | | | || (_| |  ) ) ) )
  '  |____| .__|_| |_|_| |_\__, | / / / /
 =========|_|==============|___/=/_/_/_/
 :: Spring Boot ::                (v3.2.1)

2024-03-19T21:51:34.521+01:00  INFO 3003476 --- [           main] pdl.backend.ImageControllerTests         : Starting ImageControllerTests using Java 17.0.10 with PID 3003476 (started by thmoreau in /autofs/unitytravail/travail/thmoreau/L3/projet/l1b-database/backend)
2024-03-19T21:51:34.525+01:00  INFO 3003476 --- [           main] pdl.backend.ImageControllerTests         : No active profile set, falling back to 1 default profile: "default"
2024-03-19T21:51:36.249+01:00  INFO 3003476 --- [           main] .s.d.r.c.RepositoryConfigurationDelegate : Bootstrapping Spring Data JDBC repositories in DEFAULT mode.
2024-03-19T21:51:36.307+01:00  INFO 3003476 --- [           main] .s.d.r.c.RepositoryConfigurationDelegate : Finished Spring Data repository scanning in 46 ms. Found 0 JDBC repository interfaces.
2024-03-19T21:51:38.021+01:00  INFO 3003476 --- [           main] com.zaxxer.hikari.HikariDataSource       : HikariPool-1 - Starting...
2024-03-19T21:51:39.013+01:00  INFO 3003476 --- [           main] com.zaxxer.hikari.pool.HikariPool        : HikariPool-1 - Added connection org.postgresql.jdbc.PgConnection@62a54948
2024-03-19T21:51:39.019+01:00  INFO 3003476 --- [           main] com.zaxxer.hikari.HikariDataSource       : HikariPool-1 - Start completed.
2024-03-19T21:51:39.707+01:00  INFO 3003476 --- [           main] o.s.b.a.w.s.WelcomePageHandlerMapping    : Adding welcome page: class path resource [public/index.html]
2024-03-19T21:51:40.520+01:00  INFO 3003476 --- [           main] o.s.b.t.m.w.SpringBootMockServletContext : Initializing Spring TestDispatcherServlet ''
2024-03-19T21:51:40.521+01:00  INFO 3003476 --- [           main] o.s.t.web.servlet.TestDispatcherServlet  : Initializing Servlet ''
2024-03-19T21:51:40.528+01:00  INFO 3003476 --- [           main] o.s.t.web.servlet.TestDispatcherServlet  : Completed initialization in 3 ms
2024-03-19T21:51:40.600+01:00  INFO 3003476 --- [           main] pdl.backend.ImageControllerTests         : Started ImageControllerTests in 6.785 seconds (process running for 9.78)

MockHttpServletRequest:
      HTTP Method = GET
      Request URI = /images
       Parameters = {}
          Headers = []
             Body = null
    Session Attrs = {}

Handler:
             Type = pdl.backend.ImageController
           Method = pdl.backend.ImageController#getImageList()

Async:
    Async started = false
     Async result = null

Resolved Exception:
             Type = null

ModelAndView:
        View name = null
             View = null
            Model = null

FlashMap:
       Attributes = null

MockHttpServletResponse:
           Status = 200
    Error message = null
          Headers = [Content-Type:"application/json"]
     Content type = application/json
             Body = [{"id":0,"name":"test.jpg","type":"image/jpeg","size":"245*252"},{"id":1,"name":"worldofwarcraftelfwomen-1632050363806-4678.jpg","type":"image/jpeg","size":"1920*1200"},{"id":2,"name":"pingu.jpg","type":"image/jpeg","size":"553*309"},{"id":3,"name":"15ae2f2b98946e2ff7c9146520897a62.jpg","type":"image/jpeg","size":"534*800"},{"id":4,"name":"demonhunter-1632049370773-3745.jpg","type":"image/jpeg","size":"1920*1412"}]
    Forwarded URL = null
   Redirected URL = null
          Cookies = []
]]></system-out>
  </testcase>
  <testcase name="getImageShouldReturnNotFound" classname="pdl.backend.ImageControllerTests" time="0.048">
    <system-out><![CDATA[
MockHttpServletRequest:
      HTTP Method = GET
      Request URI = /images/999
       Parameters = {}
          Headers = []
             Body = null
    Session Attrs = {}

Handler:
             Type = pdl.backend.ImageController
           Method = pdl.backend.ImageController#getImage(long)

Async:
    Async started = false
     Async result = null

Resolved Exception:
             Type = null

ModelAndView:
        View name = null
             View = null
            Model = null

FlashMap:
       Attributes = null

MockHttpServletResponse:
           Status = 404
    Error message = null
          Headers = [Content-Type:"image/jpeg;charset=UTF-8", Content-Length:"23"]
     Content type = image/jpeg;charset=UTF-8
             Body = Image id=999 not found.
    Forwarded URL = null
   Redirected URL = null
          Cookies = []
]]></system-out>
  </testcase>
  <testcase name="getImageShouldReturnSuccess" classname="pdl.backend.ImageControllerTests" time="0.027"/>
  <testcase name="deleteImagesShouldReturnMethodNotAllowed" classname="pdl.backend.ImageControllerTests" time="0.031">
    <system-out><![CDATA[2024-03-19T21:51:42.886+01:00  WARN 3003476 --- [           main] .w.s.m.s.DefaultHandlerExceptionResolver : Resolved [org.springframework.web.HttpRequestMethodNotSupportedException: Request method 'DELETE' is not supported]

MockHttpServletRequest:
      HTTP Method = DELETE
      Request URI = /images
       Parameters = {}
          Headers = []
             Body = null
    Session Attrs = {}

Handler:
             Type = null

Async:
    Async started = false
     Async result = null

Resolved Exception:
             Type = org.springframework.web.HttpRequestMethodNotSupportedException

ModelAndView:
        View name = null
             View = null
            Model = null

FlashMap:
       Attributes = null

MockHttpServletResponse:
           Status = 405
    Error message = Method 'DELETE' is not supported.
          Headers = [Allow:"POST, GET"]
     Content type = null
             Body = 
    Forwarded URL = null
   Redirected URL = null
          Cookies = []
]]></system-out>
  </testcase>
  <testcase name="deleteImageShouldReturnNotFound" classname="pdl.backend.ImageControllerTests" time="0.026">
    <system-out><![CDATA[
MockHttpServletRequest:
      HTTP Method = DELETE
      Request URI = /images/999
       Parameters = {}
          Headers = []
             Body = null
    Session Attrs = {}

Handler:
             Type = pdl.backend.ImageController
           Method = pdl.backend.ImageController#deleteImage(long)

Async:
    Async started = false
     Async result = null

Resolved Exception:
             Type = null

ModelAndView:
        View name = null
             View = null
            Model = null

FlashMap:
       Attributes = null

MockHttpServletResponse:
           Status = 404
    Error message = null
          Headers = [Content-Type:"text/plain;charset=UTF-8", Content-Length:"23"]
     Content type = text/plain;charset=UTF-8
             Body = Image id=999 not found.
    Forwarded URL = null
   Redirected URL = null
          Cookies = []
]]></system-out>
  </testcase>
  <testcase name="createImageShouldReturnSuccess" classname="pdl.backend.ImageControllerTests" time="0.135">
    <system-out><![CDATA[
MockHttpServletRequest:
      HTTP Method = POST
      Request URI = /images
       Parameters = {}
          Headers = [Content-Type:"multipart/form-data;charset=UTF-8"]
             Body = null
    Session Attrs = {}

Handler:
             Type = pdl.backend.ImageController
           Method = pdl.backend.ImageController#addImage(MultipartFile, RedirectAttributes)

Async:
    Async started = false
     Async result = null

Resolved Exception:
             Type = null

ModelAndView:
        View name = null
             View = null
            Model = null

FlashMap:
       Attributes = null

MockHttpServletResponse:
           Status = 200
    Error message = null
          Headers = [Content-Type:"text/plain;charset=UTF-8", Content-Length:"14"]
     Content type = text/plain;charset=UTF-8
             Body = Image uploaded
    Forwarded URL = null
   Redirected URL = null
          Cookies = []
]]></system-out>
  </testcase>
  <testcase name="createImageShouldReturnUnsupportedMediaType" classname="pdl.backend.ImageControllerTests" time="0.02">
    <system-out><![CDATA[
MockHttpServletRequest:
      HTTP Method = POST
      Request URI = /images
       Parameters = {}
          Headers = [Content-Type:"multipart/form-data;charset=UTF-8"]
             Body = null
    Session Attrs = {}

Handler:
             Type = pdl.backend.ImageController
           Method = pdl.backend.ImageController#addImage(MultipartFile, RedirectAttributes)

Async:
    Async started = false
     Async result = null

Resolved Exception:
             Type = null

ModelAndView:
        View name = null
             View = null
            Model = null

FlashMap:
       Attributes = null

MockHttpServletResponse:
           Status = 415
    Error message = null
          Headers = [Content-Type:"text/plain;charset=UTF-8", Content-Length:"37"]
     Content type = text/plain;charset=UTF-8
             Body = Only JPEG / PNG file format supported
    Forwarded URL = null
   Redirected URL = null
          Cookies = []
]]></system-out>
  </testcase>
</testsuite>