Start testing: Jan 24 12:07 CET
----------------------------------------------------------
1/39 Testing: test_ecallet_dummy
1/39 Test: test_ecallet_dummy
Command: "/mnt/c/Users/thoma/Documents/COURS/Fac/L2/Projet Tech/TD8/07B/build/game_test_ecallet" "dummy"
Directory: /mnt/c/Users/thoma/Documents/COURS/Fac/L2/Projet Tech/TD8/07B/build
"test_ecallet_dummy" start time: Jan 24 12:07 CET
Output:
----------------------------------------------------------
=> Start test "dummy"
Test "dummy" finished: SUCCESS
<end of output>
Test time =   0.10 sec
----------------------------------------------------------
Test Passed.
"test_ecallet_dummy" end time: Jan 24 12:07 CET
"test_ecallet_dummy" time elapsed: 00:00:00
----------------------------------------------------------

2/39 Testing: test_ecallet_get_number
2/39 Test: test_ecallet_get_number
Command: "/mnt/c/Users/thoma/Documents/COURS/Fac/L2/Projet Tech/TD8/07B/build/game_test_ecallet" "get_number"
Directory: /mnt/c/Users/thoma/Documents/COURS/Fac/L2/Projet Tech/TD8/07B/build
"test_ecallet_get_number" start time: Jan 24 12:07 CET
Output:
----------------------------------------------------------
=> Start test "get_number"
Test "get_number" finished: SUCCESS
<end of output>
Test time =   0.07 sec
----------------------------------------------------------
Test Passed.
"test_ecallet_get_number" end time: Jan 24 12:07 CET
"test_ecallet_get_number" time elapsed: 00:00:00
----------------------------------------------------------

3/39 Testing: test_ecallet_get_next_square
3/39 Test: test_ecallet_get_next_square
Command: "/mnt/c/Users/thoma/Documents/COURS/Fac/L2/Projet Tech/TD8/07B/build/game_test_ecallet" "get_next_square"
Directory: /mnt/c/Users/thoma/Documents/COURS/Fac/L2/Projet Tech/TD8/07B/build
"test_ecallet_get_next_square" start time: Jan 24 12:07 CET
Output:
----------------------------------------------------------
=> Start test "get_next_square"
Test "get_next_square" finished: SUCCESS
<end of output>
Test time =   0.14 sec
----------------------------------------------------------
Test Passed.
"test_ecallet_get_next_square" end time: Jan 24 12:07 CET
"test_ecallet_get_next_square" time elapsed: 00:00:00
----------------------------------------------------------

4/39 Testing: test_ecallet_get_next_square_wrapping
4/39 Test: test_ecallet_get_next_square_wrapping
Command: "/mnt/c/Users/thoma/Documents/COURS/Fac/L2/Projet Tech/TD8/07B/build/game_test_ecallet" "get_next_square_wrapping"
Directory: /mnt/c/Users/thoma/Documents/COURS/Fac/L2/Projet Tech/TD8/07B/build
"test_ecallet_get_next_square_wrapping" start time: Jan 24 12:07 CET
Output:
----------------------------------------------------------
=> Start test "get_next_square_wrapping"
Test "get_next_square_wrapping" finished: SUCCESS
<end of output>
Test time =   0.09 sec
----------------------------------------------------------
Test Passed.
"test_ecallet_get_next_square_wrapping" end time: Jan 24 12:07 CET
"test_ecallet_get_next_square_wrapping" time elapsed: 00:00:00
----------------------------------------------------------

5/39 Testing: test_ecallet_check_move
5/39 Test: test_ecallet_check_move
Command: "/mnt/c/Users/thoma/Documents/COURS/Fac/L2/Projet Tech/TD8/07B/build/game_test_ecallet" "check_move"
Directory: /mnt/c/Users/thoma/Documents/COURS/Fac/L2/Projet Tech/TD8/07B/build
"test_ecallet_check_move" start time: Jan 24 12:07 CET
Output:
----------------------------------------------------------
=> Start test "check_move"
Test "check_move" finished: SUCCESS
<end of output>
Test time =   0.14 sec
----------------------------------------------------------
Test Passed.
"test_ecallet_check_move" end time: Jan 24 12:07 CET
"test_ecallet_check_move" time elapsed: 00:00:00
----------------------------------------------------------

6/39 Testing: test_ecallet_get_next_number
6/39 Test: test_ecallet_get_next_number
Command: "/mnt/c/Users/thoma/Documents/COURS/Fac/L2/Projet Tech/TD8/07B/build/game_test_ecallet" "get_next_number"
Directory: /mnt/c/Users/thoma/Documents/COURS/Fac/L2/Projet Tech/TD8/07B/build
"test_ecallet_get_next_number" start time: Jan 24 12:07 CET
Output:
----------------------------------------------------------
=> Start test "get_next_number"
Test "get_next_number" finished: SUCCESS
<end of output>
Test time =   0.09 sec
----------------------------------------------------------
Test Passed.
"test_ecallet_get_next_number" end time: Jan 24 12:07 CET
"test_ecallet_get_next_number" time elapsed: 00:00:00
----------------------------------------------------------

7/39 Testing: test_ecallet_get_next_number_wrapping
7/39 Test: test_ecallet_get_next_number_wrapping
Command: "/mnt/c/Users/thoma/Documents/COURS/Fac/L2/Projet Tech/TD8/07B/build/game_test_ecallet" "get_next_number_wrapping"
Directory: /mnt/c/Users/thoma/Documents/COURS/Fac/L2/Projet Tech/TD8/07B/build
"test_ecallet_get_next_number_wrapping" start time: Jan 24 12:07 CET
Output:
----------------------------------------------------------
=> Start test "get_next_number_wrapping"
Test "get_next_number_wrapping" finished: SUCCESS
<end of output>
Test time =   0.10 sec
----------------------------------------------------------
Test Passed.
"test_ecallet_get_next_number_wrapping" end time: Jan 24 12:07 CET
"test_ecallet_get_next_number_wrapping" time elapsed: 00:00:00
----------------------------------------------------------

8/39 Testing: test_ecallet_is_empty
8/39 Test: test_ecallet_is_empty
Command: "/mnt/c/Users/thoma/Documents/COURS/Fac/L2/Projet Tech/TD8/07B/build/game_test_ecallet" "is_empty"
Directory: /mnt/c/Users/thoma/Documents/COURS/Fac/L2/Projet Tech/TD8/07B/build
"test_ecallet_is_empty" start time: Jan 24 12:07 CET
Output:
----------------------------------------------------------
=> Start test "is_empty"
Test "is_empty" finished: SUCCESS
<end of output>
Test time =   0.10 sec
----------------------------------------------------------
Test Passed.
"test_ecallet_is_empty" end time: Jan 24 12:07 CET
"test_ecallet_is_empty" time elapsed: 00:00:00
----------------------------------------------------------

9/39 Testing: test_ecallet_is_immutable
9/39 Test: test_ecallet_is_immutable
Command: "/mnt/c/Users/thoma/Documents/COURS/Fac/L2/Projet Tech/TD8/07B/build/game_test_ecallet" "is_immutable"
Directory: /mnt/c/Users/thoma/Documents/COURS/Fac/L2/Projet Tech/TD8/07B/build
"test_ecallet_is_immutable" start time: Jan 24 12:07 CET
Output:
----------------------------------------------------------
=> Start test "is_immutable"
Test "is_immutable" finished: SUCCESS
<end of output>
Test time =   0.10 sec
----------------------------------------------------------
Test Passed.
"test_ecallet_is_immutable" end time: Jan 24 12:07 CET
"test_ecallet_is_immutable" time elapsed: 00:00:00
----------------------------------------------------------

10/39 Testing: test_ecallet_has_error
10/39 Test: test_ecallet_has_error
Command: "/mnt/c/Users/thoma/Documents/COURS/Fac/L2/Projet Tech/TD8/07B/build/game_test_ecallet" "has_error"
Directory: /mnt/c/Users/thoma/Documents/COURS/Fac/L2/Projet Tech/TD8/07B/build
"test_ecallet_has_error" start time: Jan 24 12:07 CET
Output:
----------------------------------------------------------
=> Start test "has_error"
Test "has_error" finished: SUCCESS
<end of output>
Test time =   0.09 sec
----------------------------------------------------------
Test Passed.
"test_ecallet_has_error" end time: Jan 24 12:07 CET
"test_ecallet_has_error" time elapsed: 00:00:00
----------------------------------------------------------

11/39 Testing: test_ecallet_has_error_wrapping
11/39 Test: test_ecallet_has_error_wrapping
Command: "/mnt/c/Users/thoma/Documents/COURS/Fac/L2/Projet Tech/TD8/07B/build/game_test_ecallet" "has_error_wrapping"
Directory: /mnt/c/Users/thoma/Documents/COURS/Fac/L2/Projet Tech/TD8/07B/build
"test_ecallet_has_error_wrapping" start time: Jan 24 12:07 CET
Output:
----------------------------------------------------------
=> Start test "has_error_wrapping"
Test "has_error_wrapping" finished: SUCCESS
<end of output>
Test time =   0.10 sec
----------------------------------------------------------
Test Passed.
"test_ecallet_has_error_wrapping" end time: Jan 24 12:07 CET
"test_ecallet_has_error_wrapping" time elapsed: 00:00:00
----------------------------------------------------------

12/39 Testing: test_ecallet_has_error_unique
12/39 Test: test_ecallet_has_error_unique
Command: "/mnt/c/Users/thoma/Documents/COURS/Fac/L2/Projet Tech/TD8/07B/build/game_test_ecallet" "has_error_unique"
Directory: /mnt/c/Users/thoma/Documents/COURS/Fac/L2/Projet Tech/TD8/07B/build
"test_ecallet_has_error_unique" start time: Jan 24 12:07 CET
Output:
----------------------------------------------------------
=> Start test "has_error_unique"
Test "has_error_unique" finished: SUCCESS
<end of output>
Test time =   0.08 sec
----------------------------------------------------------
Test Passed.
"test_ecallet_has_error_unique" end time: Jan 24 12:07 CET
"test_ecallet_has_error_unique" time elapsed: 00:00:00
----------------------------------------------------------

13/39 Testing: test_ecallet_undo
13/39 Test: test_ecallet_undo
Command: "/mnt/c/Users/thoma/Documents/COURS/Fac/L2/Projet Tech/TD8/07B/build/game_test_ecallet" "undo"
Directory: /mnt/c/Users/thoma/Documents/COURS/Fac/L2/Projet Tech/TD8/07B/build
"test_ecallet_undo" start time: Jan 24 12:07 CET
Output:
----------------------------------------------------------
=> Start test "undo"
Test "undo" finished: SUCCESS
<end of output>
Test time =   0.07 sec
----------------------------------------------------------
Test Passed.
"test_ecallet_undo" end time: Jan 24 12:07 CET
"test_ecallet_undo" time elapsed: 00:00:00
----------------------------------------------------------

14/39 Testing: test_ecallet_game_new_ext_moodle
14/39 Test: test_ecallet_game_new_ext_moodle
Command: "/mnt/c/Users/thoma/Documents/COURS/Fac/L2/Projet Tech/TD8/07B/build/game_test_ecallet" "game_new_ext_moodle"
Directory: /mnt/c/Users/thoma/Documents/COURS/Fac/L2/Projet Tech/TD8/07B/build
"test_ecallet_game_new_ext_moodle" start time: Jan 24 12:07 CET
Output:
----------------------------------------------------------
=> Start test "game_new_ext_moodle"
Test "game_new_ext_moodle" finished: SUCCESS
<end of output>
Test time =   0.10 sec
----------------------------------------------------------
Test Passed.
"test_ecallet_game_new_ext_moodle" end time: Jan 24 12:07 CET
"test_ecallet_game_new_ext_moodle" time elapsed: 00:00:00
----------------------------------------------------------

15/39 Testing: test_ecallet_is_over_unique
15/39 Test: test_ecallet_is_over_unique
Command: "/mnt/c/Users/thoma/Documents/COURS/Fac/L2/Projet Tech/TD8/07B/build/game_test_ecallet" "is_over_unique"
Directory: /mnt/c/Users/thoma/Documents/COURS/Fac/L2/Projet Tech/TD8/07B/build
"test_ecallet_is_over_unique" start time: Jan 24 12:07 CET
Output:
----------------------------------------------------------
=> Start test "is_over_unique"
Test "is_over_unique" finished: SUCCESS
<end of output>
Test time =   0.09 sec
----------------------------------------------------------
Test Passed.
"test_ecallet_is_over_unique" end time: Jan 24 12:07 CET
"test_ecallet_is_over_unique" time elapsed: 00:00:00
----------------------------------------------------------

16/39 Testing: test_pdinghin_dummy
16/39 Test: test_pdinghin_dummy
Command: "/mnt/c/Users/thoma/Documents/COURS/Fac/L2/Projet Tech/TD8/07B/build/game_test_pdinghin" "dummy"
Directory: /mnt/c/Users/thoma/Documents/COURS/Fac/L2/Projet Tech/TD8/07B/build
"test_pdinghin_dummy" start time: Jan 24 12:07 CET
Output:
----------------------------------------------------------
<end of output>
Test time =   0.09 sec
----------------------------------------------------------
Test Passed.
"test_pdinghin_dummy" end time: Jan 24 12:07 CET
"test_pdinghin_dummy" time elapsed: 00:00:00
----------------------------------------------------------

17/39 Testing: test_pdinghin_new_game_empty
17/39 Test: test_pdinghin_new_game_empty
Command: "/mnt/c/Users/thoma/Documents/COURS/Fac/L2/Projet Tech/TD8/07B/build/game_test_pdinghin" "new_game_empty"
Directory: /mnt/c/Users/thoma/Documents/COURS/Fac/L2/Projet Tech/TD8/07B/build
"test_pdinghin_new_game_empty" start time: Jan 24 12:07 CET
Output:
----------------------------------------------------------
<end of output>
Test time =   0.09 sec
----------------------------------------------------------
Test Passed.
"test_pdinghin_new_game_empty" end time: Jan 24 12:07 CET
"test_pdinghin_new_game_empty" time elapsed: 00:00:00
----------------------------------------------------------

18/39 Testing: test_pdinghin_game_delete
18/39 Test: test_pdinghin_game_delete
Command: "/mnt/c/Users/thoma/Documents/COURS/Fac/L2/Projet Tech/TD8/07B/build/game_test_pdinghin" "game_delete"
Directory: /mnt/c/Users/thoma/Documents/COURS/Fac/L2/Projet Tech/TD8/07B/build
"test_pdinghin_game_delete" start time: Jan 24 12:07 CET
Output:
----------------------------------------------------------
<end of output>
Test time =   0.08 sec
----------------------------------------------------------
Test Passed.
"test_pdinghin_game_delete" end time: Jan 24 12:07 CET
"test_pdinghin_game_delete" time elapsed: 00:00:00
----------------------------------------------------------

19/39 Testing: test_pdinghin_game_equal
19/39 Test: test_pdinghin_game_equal
Command: "/mnt/c/Users/thoma/Documents/COURS/Fac/L2/Projet Tech/TD8/07B/build/game_test_pdinghin" "game_equal"
Directory: /mnt/c/Users/thoma/Documents/COURS/Fac/L2/Projet Tech/TD8/07B/build
"test_pdinghin_game_equal" start time: Jan 24 12:07 CET
Output:
----------------------------------------------------------
<end of output>
Test time =   0.08 sec
----------------------------------------------------------
Test Passed.
"test_pdinghin_game_equal" end time: Jan 24 12:07 CET
"test_pdinghin_game_equal" time elapsed: 00:00:00
----------------------------------------------------------

20/39 Testing: test_pdinghin_game_copy
20/39 Test: test_pdinghin_game_copy
Command: "/mnt/c/Users/thoma/Documents/COURS/Fac/L2/Projet Tech/TD8/07B/build/game_test_pdinghin" "game_copy"
Directory: /mnt/c/Users/thoma/Documents/COURS/Fac/L2/Projet Tech/TD8/07B/build
"test_pdinghin_game_copy" start time: Jan 24 12:07 CET
Output:
----------------------------------------------------------
<end of output>
Test time =   0.08 sec
----------------------------------------------------------
Test Passed.
"test_pdinghin_game_copy" end time: Jan 24 12:07 CET
"test_pdinghin_game_copy" time elapsed: 00:00:00
----------------------------------------------------------

21/39 Testing: test_pdinghin_game_set_square
21/39 Test: test_pdinghin_game_set_square
Command: "/mnt/c/Users/thoma/Documents/COURS/Fac/L2/Projet Tech/TD8/07B/build/game_test_pdinghin" "game_set_square"
Directory: /mnt/c/Users/thoma/Documents/COURS/Fac/L2/Projet Tech/TD8/07B/build
"test_pdinghin_game_set_square" start time: Jan 24 12:07 CET
Output:
----------------------------------------------------------
<end of output>
Test time =   0.09 sec
----------------------------------------------------------
Test Passed.
"test_pdinghin_game_set_square" end time: Jan 24 12:07 CET
"test_pdinghin_game_set_square" time elapsed: 00:00:00
----------------------------------------------------------

22/39 Testing: test_pdinghin_game_get_square
22/39 Test: test_pdinghin_game_get_square
Command: "/mnt/c/Users/thoma/Documents/COURS/Fac/L2/Projet Tech/TD8/07B/build/game_test_pdinghin" "game_get_square"
Directory: /mnt/c/Users/thoma/Documents/COURS/Fac/L2/Projet Tech/TD8/07B/build
"test_pdinghin_game_get_square" start time: Jan 24 12:07 CET
Output:
----------------------------------------------------------
<end of output>
Test time =   0.08 sec
----------------------------------------------------------
Test Passed.
"test_pdinghin_game_get_square" end time: Jan 24 12:07 CET
"test_pdinghin_game_get_square" time elapsed: 00:00:00
----------------------------------------------------------

23/39 Testing: test_pdinghin_game_new
23/39 Test: test_pdinghin_game_new
Command: "/mnt/c/Users/thoma/Documents/COURS/Fac/L2/Projet Tech/TD8/07B/build/game_test_pdinghin" "game_new"
Directory: /mnt/c/Users/thoma/Documents/COURS/Fac/L2/Projet Tech/TD8/07B/build
"test_pdinghin_game_new" start time: Jan 24 12:07 CET
Output:
----------------------------------------------------------
<end of output>
Test time =   0.08 sec
----------------------------------------------------------
Test Passed.
"test_pdinghin_game_new" end time: Jan 24 12:07 CET
"test_pdinghin_game_new" time elapsed: 00:00:00
----------------------------------------------------------

24/39 Testing: test_pdinghin_game_new_ext
24/39 Test: test_pdinghin_game_new_ext
Command: "/mnt/c/Users/thoma/Documents/COURS/Fac/L2/Projet Tech/TD8/07B/build/game_test_pdinghin" "game_new_ext"
Directory: /mnt/c/Users/thoma/Documents/COURS/Fac/L2/Projet Tech/TD8/07B/build
"test_pdinghin_game_new_ext" start time: Jan 24 12:07 CET
Output:
----------------------------------------------------------
<end of output>
Test time =   0.08 sec
----------------------------------------------------------
Test Passed.
"test_pdinghin_game_new_ext" end time: Jan 24 12:07 CET
"test_pdinghin_game_new_ext" time elapsed: 00:00:00
----------------------------------------------------------

25/39 Testing: test_pdinghin_game_new_empty_ext
25/39 Test: test_pdinghin_game_new_empty_ext
Command: "/mnt/c/Users/thoma/Documents/COURS/Fac/L2/Projet Tech/TD8/07B/build/game_test_pdinghin" "game_new_empty_ext"
Directory: /mnt/c/Users/thoma/Documents/COURS/Fac/L2/Projet Tech/TD8/07B/build
"test_pdinghin_game_new_empty_ext" start time: Jan 24 12:07 CET
Output:
----------------------------------------------------------
<end of output>
Test time =   0.09 sec
----------------------------------------------------------
Test Passed.
"test_pdinghin_game_new_empty_ext" end time: Jan 24 12:07 CET
"test_pdinghin_game_new_empty_ext" time elapsed: 00:00:00
----------------------------------------------------------

26/39 Testing: test_pdinghin_game_is_wrapping
26/39 Test: test_pdinghin_game_is_wrapping
Command: "/mnt/c/Users/thoma/Documents/COURS/Fac/L2/Projet Tech/TD8/07B/build/game_test_pdinghin" "game_is_wrapping"
Directory: /mnt/c/Users/thoma/Documents/COURS/Fac/L2/Projet Tech/TD8/07B/build
"test_pdinghin_game_is_wrapping" start time: Jan 24 12:07 CET
Output:
----------------------------------------------------------
<end of output>
Test time =   0.08 sec
----------------------------------------------------------
Test Passed.
"test_pdinghin_game_is_wrapping" end time: Jan 24 12:07 CET
"test_pdinghin_game_is_wrapping" time elapsed: 00:00:00
----------------------------------------------------------

27/39 Testing: test_pdinghin_game_is_unique
27/39 Test: test_pdinghin_game_is_unique
Command: "/mnt/c/Users/thoma/Documents/COURS/Fac/L2/Projet Tech/TD8/07B/build/game_test_pdinghin" "game_is_unique"
Directory: /mnt/c/Users/thoma/Documents/COURS/Fac/L2/Projet Tech/TD8/07B/build
"test_pdinghin_game_is_unique" start time: Jan 24 12:07 CET
Output:
----------------------------------------------------------
<end of output>
Test time =   0.08 sec
----------------------------------------------------------
Test Passed.
"test_pdinghin_game_is_unique" end time: Jan 24 12:07 CET
"test_pdinghin_game_is_unique" time elapsed: 00:00:00
----------------------------------------------------------

28/39 Testing: test_pdinghin_game_nb_rows
28/39 Test: test_pdinghin_game_nb_rows
Command: "/mnt/c/Users/thoma/Documents/COURS/Fac/L2/Projet Tech/TD8/07B/build/game_test_pdinghin" "game_nb_rows"
Directory: /mnt/c/Users/thoma/Documents/COURS/Fac/L2/Projet Tech/TD8/07B/build
"test_pdinghin_game_nb_rows" start time: Jan 24 12:07 CET
Output:
----------------------------------------------------------
<end of output>
Test time =   0.09 sec
----------------------------------------------------------
Test Passed.
"test_pdinghin_game_nb_rows" end time: Jan 24 12:07 CET
"test_pdinghin_game_nb_rows" time elapsed: 00:00:00
----------------------------------------------------------

29/39 Testing: test_pdinghin_game_nb_cols
29/39 Test: test_pdinghin_game_nb_cols
Command: "/mnt/c/Users/thoma/Documents/COURS/Fac/L2/Projet Tech/TD8/07B/build/game_test_pdinghin" "game_nb_cols"
Directory: /mnt/c/Users/thoma/Documents/COURS/Fac/L2/Projet Tech/TD8/07B/build
"test_pdinghin_game_nb_cols" start time: Jan 24 12:07 CET
Output:
----------------------------------------------------------
<end of output>
Test time =   0.10 sec
----------------------------------------------------------
Test Passed.
"test_pdinghin_game_nb_cols" end time: Jan 24 12:07 CET
"test_pdinghin_game_nb_cols" time elapsed: 00:00:00
----------------------------------------------------------

30/39 Testing: test_pdinghin_game_redo
30/39 Test: test_pdinghin_game_redo
Command: "/mnt/c/Users/thoma/Documents/COURS/Fac/L2/Projet Tech/TD8/07B/build/game_test_pdinghin" "game_redo"
Directory: /mnt/c/Users/thoma/Documents/COURS/Fac/L2/Projet Tech/TD8/07B/build
"test_pdinghin_game_redo" start time: Jan 24 12:07 CET
Output:
----------------------------------------------------------
<end of output>
Test time =   0.11 sec
----------------------------------------------------------
Test Passed.
"test_pdinghin_game_redo" end time: Jan 24 12:07 CET
"test_pdinghin_game_redo" time elapsed: 00:00:00
----------------------------------------------------------

31/39 Testing: test_ninteyineza_dummy
31/39 Test: test_ninteyineza_dummy
Command: "/mnt/c/Users/thoma/Documents/COURS/Fac/L2/Projet Tech/TD8/07B/build/game_test_ninteyineza" "dummy"
Directory: /mnt/c/Users/thoma/Documents/COURS/Fac/L2/Projet Tech/TD8/07B/build
"test_ninteyineza_dummy" start time: Jan 24 12:07 CET
Output:
----------------------------------------------------------
=> Start test "dummy"
<end of output>
Test time =   0.09 sec
----------------------------------------------------------
Test Passed.
"test_ninteyineza_dummy" end time: Jan 24 12:07 CET
"test_ninteyineza_dummy" time elapsed: 00:00:00
----------------------------------------------------------

32/39 Testing: test_ninteyineza_game_default
32/39 Test: test_ninteyineza_game_default
Command: "/mnt/c/Users/thoma/Documents/COURS/Fac/L2/Projet Tech/TD8/07B/build/game_test_ninteyineza" "game_default"
Directory: /mnt/c/Users/thoma/Documents/COURS/Fac/L2/Projet Tech/TD8/07B/build
"test_ninteyineza_game_default" start time: Jan 24 12:07 CET
Output:
----------------------------------------------------------
=> Start test "game_default"
<end of output>
Test time =   0.10 sec
----------------------------------------------------------
Test Passed.
"test_ninteyineza_game_default" end time: Jan 24 12:07 CET
"test_ninteyineza_game_default" time elapsed: 00:00:00
----------------------------------------------------------

33/39 Testing: test_ninteyineza_game_default_solution
33/39 Test: test_ninteyineza_game_default_solution
Command: "/mnt/c/Users/thoma/Documents/COURS/Fac/L2/Projet Tech/TD8/07B/build/game_test_ninteyineza" "game_default_solution"
Directory: /mnt/c/Users/thoma/Documents/COURS/Fac/L2/Projet Tech/TD8/07B/build
"test_ninteyineza_game_default_solution" start time: Jan 24 12:07 CET
Output:
----------------------------------------------------------
=> Start test "game_default_solution"
   012345
   ------
0 |wBWbwb|
1 |wbbwbw|
2 |bWwbWb|
3 |bWBwwb|
4 |wbBwbW|
5 |bwwbbW|
   ------
<end of output>
Test time =   0.09 sec
----------------------------------------------------------
Test Passed.
"test_ninteyineza_game_default_solution" end time: Jan 24 12:07 CET
"test_ninteyineza_game_default_solution" time elapsed: 00:00:00
----------------------------------------------------------

34/39 Testing: test_ninteyineza_game_is_over
34/39 Test: test_ninteyineza_game_is_over
Command: "/mnt/c/Users/thoma/Documents/COURS/Fac/L2/Projet Tech/TD8/07B/build/game_test_ninteyineza" "game_is_over"
Directory: /mnt/c/Users/thoma/Documents/COURS/Fac/L2/Projet Tech/TD8/07B/build
"test_ninteyineza_game_is_over" start time: Jan 24 12:07 CET
Output:
----------------------------------------------------------
=> Start test "game_is_over"
<end of output>
Test time =   0.09 sec
----------------------------------------------------------
Test Passed.
"test_ninteyineza_game_is_over" end time: Jan 24 12:07 CET
"test_ninteyineza_game_is_over" time elapsed: 00:00:00
----------------------------------------------------------

35/39 Testing: test_ninteyineza_game_is_over_unique
35/39 Test: test_ninteyineza_game_is_over_unique
Command: "/mnt/c/Users/thoma/Documents/COURS/Fac/L2/Projet Tech/TD8/07B/build/game_test_ninteyineza" "game_is_over_unique"
Directory: /mnt/c/Users/thoma/Documents/COURS/Fac/L2/Projet Tech/TD8/07B/build
"test_ninteyineza_game_is_over_unique" start time: Jan 24 12:07 CET
Output:
----------------------------------------------------------
=> Start test "game_is_over_unique"
<end of output>
Test time =   0.11 sec
----------------------------------------------------------
Test Passed.
"test_ninteyineza_game_is_over_unique" end time: Jan 24 12:07 CET
"test_ninteyineza_game_is_over_unique" time elapsed: 00:00:00
----------------------------------------------------------

36/39 Testing: test_ninteyineza_game_is_over_wrapping
36/39 Test: test_ninteyineza_game_is_over_wrapping
Command: "/mnt/c/Users/thoma/Documents/COURS/Fac/L2/Projet Tech/TD8/07B/build/game_test_ninteyineza" "game_is_over_wrapping"
Directory: /mnt/c/Users/thoma/Documents/COURS/Fac/L2/Projet Tech/TD8/07B/build
"test_ninteyineza_game_is_over_wrapping" start time: Jan 24 12:07 CET
Output:
----------------------------------------------------------
=> Start test "game_is_over_wrapping"
<end of output>
Test time =   0.08 sec
----------------------------------------------------------
Test Passed.
"test_ninteyineza_game_is_over_wrapping" end time: Jan 24 12:07 CET
"test_ninteyineza_game_is_over_wrapping" time elapsed: 00:00:00
----------------------------------------------------------

37/39 Testing: test_ninteyineza_game_restart
37/39 Test: test_ninteyineza_game_restart
Command: "/mnt/c/Users/thoma/Documents/COURS/Fac/L2/Projet Tech/TD8/07B/build/game_test_ninteyineza" "game_restart"
Directory: /mnt/c/Users/thoma/Documents/COURS/Fac/L2/Projet Tech/TD8/07B/build
"test_ninteyineza_game_restart" start time: Jan 24 12:07 CET
Output:
----------------------------------------------------------
=> Start test "game_restart"
<end of output>
Test time =   0.09 sec
----------------------------------------------------------
Test Failed.
"test_ninteyineza_game_restart" end time: Jan 24 12:07 CET
"test_ninteyineza_game_restart" time elapsed: 00:00:00
----------------------------------------------------------

38/39 Testing: test_ninteyineza_game_play_move
38/39 Test: test_ninteyineza_game_play_move
Command: "/mnt/c/Users/thoma/Documents/COURS/Fac/L2/Projet Tech/TD8/07B/build/game_test_ninteyineza" "game_play_move"
Directory: /mnt/c/Users/thoma/Documents/COURS/Fac/L2/Projet Tech/TD8/07B/build
"test_ninteyineza_game_play_move" start time: Jan 24 12:07 CET
Output:
----------------------------------------------------------
=> Start test "game_play_move"
<end of output>
Test time =   0.08 sec
----------------------------------------------------------
Test Passed.
"test_ninteyineza_game_play_move" end time: Jan 24 12:07 CET
"test_ninteyineza_game_play_move" time elapsed: 00:00:00
----------------------------------------------------------

39/39 Testing: test_ninteyineza_game_equal_ext
39/39 Test: test_ninteyineza_game_equal_ext
Command: "/mnt/c/Users/thoma/Documents/COURS/Fac/L2/Projet Tech/TD8/07B/build/game_test_ninteyineza" "game_equal_ext"
Directory: /mnt/c/Users/thoma/Documents/COURS/Fac/L2/Projet Tech/TD8/07B/build
"test_ninteyineza_game_equal_ext" start time: Jan 24 12:07 CET
Output:
----------------------------------------------------------
=> Start test "game_equal_ext"
<end of output>
Test time =   0.09 sec
----------------------------------------------------------
Test Passed.
"test_ninteyineza_game_equal_ext" end time: Jan 24 12:07 CET
"test_ninteyineza_game_equal_ext" time elapsed: 00:00:00
----------------------------------------------------------

End testing: Jan 24 12:07 CET
