<?xml version="1.0" encoding="UTF-8"?>
<testsuite xmlns:xsi="http://www.w3.org/2001/XMLSchema-instance" xsi:noNamespaceSchemaLocation="https://maven.apache.org/surefire/maven-surefire-plugin/xsd/surefire-test-report-3.0.xsd" version="3.0" name="pdl.backend.BackendApplicationTests" time="4.378" tests="1" errors="0" skipped="0" failures="0">
  <properties>
[...]
</properties>
  <testcase name="contextLoads" classname="pdl.backend.BackendApplicationTests" time="0.01">
    <system-out><![CDATA[2024-03-25T16:53:16.425+01:00  INFO 2907179 --- [           main] t.c.s.AnnotationConfigContextLoaderUtils : Could not detect default configuration classes for test class [pdl.backend.BackendApplicationTests]: BackendApplicationTests does not declare any static, non-private, non-final, nested classes annotated with @Configuration.
2024-03-25T16:53:16.431+01:00  INFO 2907179 --- [           main] .b.t.c.SpringBootTestContextBootstrapper : Found @SpringBootConfiguration pdl.backend.BackendApplication for test class pdl.backend.BackendApplicationTests
2024-03-25T16:53:16.447+01:00  INFO 2907179 --- [           main] o.s.b.d.r.RestartApplicationListener     : Restart disabled due to context in which it is running

  .   ____          _            __ _ _
 /\\ / ___'_ __ _ _(_)_ __  __ _ \ \ \ \
( ( )\___ | '_ | '_| | '_ \/ _` | \ \ \ \
 \\/  ___)| |_)| | | | | || (_| |  ) ) ) )
  '  |____| .__|_| |_|_| |_\__, | / / / /
 =========|_|==============|___/=/_/_/_/
 :: Spring Boot ::                (v3.2.1)

2024-03-25T16:53:16.526+01:00  INFO 2907179 --- [           main] pdl.backend.BackendApplicationTests      : Starting BackendApplicationTests using Java 17.0.10 with PID 2907179 (started by thmoreau in /autofs/unitytravail/travail/thmoreau/L3/projet/l1b-vector/backend)
2024-03-25T16:53:16.527+01:00  INFO 2907179 --- [           main] pdl.backend.BackendApplicationTests      : No active profile set, falling back to 1 default profile: "default"
2024-03-25T16:53:16.888+01:00  INFO 2907179 --- [           main] .s.d.r.c.RepositoryConfigurationDelegate : Bootstrapping Spring Data JDBC repositories in DEFAULT mode.
2024-03-25T16:53:16.901+01:00  INFO 2907179 --- [           main] .s.d.r.c.RepositoryConfigurationDelegate : Finished Spring Data repository scanning in 11 ms. Found 0 JDBC repository interfaces.
2024-03-25T16:53:17.489+01:00  INFO 2907179 --- [           main] com.zaxxer.hikari.HikariDataSource       : HikariPool-2 - Starting...
2024-03-25T16:53:17.568+01:00  INFO 2907179 --- [           main] com.zaxxer.hikari.pool.HikariPool        : HikariPool-2 - Added connection org.postgresql.jdbc.PgConnection@147375b3
2024-03-25T16:53:17.569+01:00  INFO 2907179 --- [           main] com.zaxxer.hikari.HikariDataSource       : HikariPool-2 - Start completed.
2024-03-25T16:53:20.571+01:00  INFO 2907179 --- [           main] o.s.b.a.w.s.WelcomePageHandlerMapping    : Adding welcome page: class path resource [public/index.html]
2024-03-25T16:53:20.780+01:00  INFO 2907179 --- [           main] pdl.backend.BackendApplicationTests      : Started BackendApplicationTests in 4.334 seconds (process running for 22.113)
]]></system-out>
  </testcase>
</testsuite>