<?xml version="1.0" encoding="UTF-8"?>
<testsuite xmlns:xsi="http://www.w3.org/2001/XMLSchema-instance" xsi:noNamespaceSchemaLocation="https://maven.apache.org/surefire/maven-surefire-plugin/xsd/surefire-test-report-3.0.xsd" version="3.0" name="pdl.backend.ImageControllerTests" time="16.107" tests="7" errors="0" skipped="0" failures="0">
  <properties>
[...]
</properties>
  <testcase name="getImageListShouldReturnSuccess" classname="pdl.backend.ImageControllerTests" time="2.092">
    <system-out><![CDATA[16:53:00.848 [main] INFO org.springframework.test.context.support.AnnotationConfigContextLoaderUtils -- Could not detect default configuration classes for test class [pdl.backend.ImageControllerTests]: ImageControllerTests does not declare any static, non-private, non-final, nested classes annotated with @Configuration.
16:53:01.228 [main] INFO org.springframework.boot.test.context.SpringBootTestContextBootstrapper -- Found @SpringBootConfiguration pdl.backend.BackendApplication for test class pdl.backend.ImageControllerTests
16:53:01.682 [main] INFO org.springframework.boot.devtools.restart.RestartApplicationListener -- Restart disabled due to context in which it is running

  .   ____          _            __ _ _
 /\\ / ___'_ __ _ _(_)_ __  __ _ \ \ \ \
( ( )\___ | '_ | '_| | '_ \/ _` | \ \ \ \
 \\/  ___)| |_)| | | | | || (_| |  ) ) ) )
  '  |____| .__|_| |_|_| |_\__, | / / / /
 =========|_|==============|___/=/_/_/_/
 :: Spring Boot ::                (v3.2.1)

2024-03-25T16:53:02.383+01:00  INFO 2907179 --- [           main] pdl.backend.ImageControllerTests         : Starting ImageControllerTests using Java 17.0.10 with PID 2907179 (started by thmoreau in /autofs/unitytravail/travail/thmoreau/L3/projet/l1b-vector/backend)
2024-03-25T16:53:02.387+01:00  INFO 2907179 --- [           main] pdl.backend.ImageControllerTests         : No active profile set, falling back to 1 default profile: "default"
2024-03-25T16:53:04.103+01:00  INFO 2907179 --- [           main] .s.d.r.c.RepositoryConfigurationDelegate : Bootstrapping Spring Data JDBC repositories in DEFAULT mode.
2024-03-25T16:53:04.160+01:00  INFO 2907179 --- [           main] .s.d.r.c.RepositoryConfigurationDelegate : Finished Spring Data repository scanning in 45 ms. Found 0 JDBC repository interfaces.
2024-03-25T16:53:05.919+01:00  INFO 2907179 --- [           main] com.zaxxer.hikari.HikariDataSource       : HikariPool-1 - Starting...
2024-03-25T16:53:06.875+01:00  INFO 2907179 --- [           main] com.zaxxer.hikari.pool.HikariPool        : HikariPool-1 - Added connection org.postgresql.jdbc.PgConnection@2921199d
2024-03-25T16:53:06.881+01:00  INFO 2907179 --- [           main] com.zaxxer.hikari.HikariDataSource       : HikariPool-1 - Start completed.
2024-03-25T16:53:12.687+01:00  INFO 2907179 --- [           main] o.s.b.a.w.s.WelcomePageHandlerMapping    : Adding welcome page: class path resource [public/index.html]
2024-03-25T16:53:13.717+01:00  INFO 2907179 --- [           main] o.s.b.t.m.w.SpringBootMockServletContext : Initializing Spring TestDispatcherServlet ''
2024-03-25T16:53:13.719+01:00  INFO 2907179 --- [           main] o.s.t.web.servlet.TestDispatcherServlet  : Initializing Servlet ''
2024-03-25T16:53:13.725+01:00  INFO 2907179 --- [           main] o.s.t.web.servlet.TestDispatcherServlet  : Completed initialization in 2 ms
2024-03-25T16:53:13.797+01:00  INFO 2907179 --- [           main] pdl.backend.ImageControllerTests         : Started ImageControllerTests in 12.147 seconds (process running for 15.129)

MockHttpServletRequest:
      HTTP Method = GET
      Request URI = /images
       Parameters = {}
          Headers = []
             Body = null
    Session Attrs = {}

Handler:
             Type = pdl.backend.ImageController
           Method = pdl.backend.ImageController#getImageList()

Async:
    Async started = false
     Async result = null

Resolved Exception:
             Type = null

ModelAndView:
        View name = null
             View = null
            Model = null

FlashMap:
       Attributes = null

MockHttpServletResponse:
           Status = 200
    Error message = null
          Headers = [Content-Type:"application/json"]
     Content type = application/json
             Body = [{"id":0,"name":"ble.png","type":"image/png","size":"800*800"},{"id":1,"name":"mer.png","type":"image/png","size":"512*485"},{"id":2,"name":"lac.png","type":"image/png","size":"512*512"},{"id":3,"name":"rouge.png","type":"image/png","size":"594*575"},{"id":4,"name":"meandre.png","type":"image/png","size":"320*320"},{"id":5,"name":"test.jpg","type":"image/jpeg","size":"245*252"},{"id":6,"name":"plage.png","type":"image/png","size":"400*373"},{"id":7,"name":"train.png","type":"image/png","size":"1024*1024"},{"id":8,"name":"bunker.png","type":"image/png","size":"1080*1080"},{"id":9,"name":"verdure.png","type":"image/png","size":"320*320"}]
    Forwarded URL = null
   Redirected URL = null
          Cookies = []
]]></system-out>
  </testcase>
  <testcase name="getImageShouldReturnNotFound" classname="pdl.backend.ImageControllerTests" time="0.049">
    <system-out><![CDATA[
MockHttpServletRequest:
      HTTP Method = GET
      Request URI = /images/999
       Parameters = {}
          Headers = []
             Body = null
    Session Attrs = {}

Handler:
             Type = pdl.backend.ImageController
           Method = pdl.backend.ImageController#getImage(long)

Async:
    Async started = false
     Async result = null

Resolved Exception:
             Type = null

ModelAndView:
        View name = null
             View = null
            Model = null

FlashMap:
       Attributes = null

MockHttpServletResponse:
           Status = 404
    Error message = null
          Headers = [Content-Type:"image/jpeg;charset=UTF-8", Content-Length:"23"]
     Content type = image/jpeg;charset=UTF-8
             Body = Image id=999 not found.
    Forwarded URL = null
   Redirected URL = null
          Cookies = []
]]></system-out>
  </testcase>
  <testcase name="getImageShouldReturnSuccess" classname="pdl.backend.ImageControllerTests" time="0.063"/>
  <testcase name="deleteImagesShouldReturnMethodNotAllowed" classname="pdl.backend.ImageControllerTests" time="0.029">
    <system-out><![CDATA[2024-03-25T16:53:16.074+01:00  WARN 2907179 --- [           main] .w.s.m.s.DefaultHandlerExceptionResolver : Resolved [org.springframework.web.HttpRequestMethodNotSupportedException: Request method 'DELETE' is not supported]

MockHttpServletRequest:
      HTTP Method = DELETE
      Request URI = /images
       Parameters = {}
          Headers = []
             Body = null
    Session Attrs = {}

Handler:
             Type = null

Async:
    Async started = false
     Async result = null

Resolved Exception:
             Type = org.springframework.web.HttpRequestMethodNotSupportedException

ModelAndView:
        View name = null
             View = null
            Model = null

FlashMap:
       Attributes = null

MockHttpServletResponse:
           Status = 405
    Error message = Method 'DELETE' is not supported.
          Headers = [Allow:"GET, POST"]
     Content type = null
             Body = 
    Forwarded URL = null
   Redirected URL = null
          Cookies = []
]]></system-out>
  </testcase>
  <testcase name="deleteImageShouldReturnNotFound" classname="pdl.backend.ImageControllerTests" time="0.024">
    <system-out><![CDATA[
MockHttpServletRequest:
      HTTP Method = DELETE
      Request URI = /images/999
       Parameters = {}
          Headers = []
             Body = null
    Session Attrs = {}

Handler:
             Type = pdl.backend.ImageController
           Method = pdl.backend.ImageController#deleteImage(long)

Async:
    Async started = false
     Async result = null

Resolved Exception:
             Type = null

ModelAndView:
        View name = null
             View = null
            Model = null

FlashMap:
       Attributes = null

MockHttpServletResponse:
           Status = 404
    Error message = null
          Headers = [Content-Type:"text/plain;charset=UTF-8", Content-Length:"23"]
     Content type = text/plain;charset=UTF-8
             Body = Image id=999 not found.
    Forwarded URL = null
   Redirected URL = null
          Cookies = []
]]></system-out>
  </testcase>
  <testcase name="createImageShouldReturnSuccess" classname="pdl.backend.ImageControllerTests" time="0.261">
    <system-out><![CDATA[
MockHttpServletRequest:
      HTTP Method = POST
      Request URI = /images
       Parameters = {}
          Headers = [Content-Type:"multipart/form-data;charset=UTF-8"]
             Body = null
    Session Attrs = {}

Handler:
             Type = pdl.backend.ImageController
           Method = pdl.backend.ImageController#addImage(MultipartFile, RedirectAttributes)

Async:
    Async started = false
     Async result = null

Resolved Exception:
             Type = null

ModelAndView:
        View name = null
             View = null
            Model = null

FlashMap:
       Attributes = null

MockHttpServletResponse:
           Status = 201
    Error message = null
          Headers = [Content-Type:"text/plain;charset=UTF-8", Content-Length:"14"]
     Content type = text/plain;charset=UTF-8
             Body = Image uploaded
    Forwarded URL = null
   Redirected URL = null
          Cookies = []
]]></system-out>
  </testcase>
  <testcase name="createImageShouldReturnUnsupportedMediaType" classname="pdl.backend.ImageControllerTests" time="0.018">
    <system-out><![CDATA[
MockHttpServletRequest:
      HTTP Method = POST
      Request URI = /images
       Parameters = {}
          Headers = [Content-Type:"multipart/form-data;charset=UTF-8"]
             Body = null
    Session Attrs = {}

Handler:
             Type = pdl.backend.ImageController
           Method = pdl.backend.ImageController#addImage(MultipartFile, RedirectAttributes)

Async:
    Async started = false
     Async result = null

Resolved Exception:
             Type = null

ModelAndView:
        View name = null
             View = null
            Model = null

FlashMap:
       Attributes = null

MockHttpServletResponse:
           Status = 415
    Error message = null
          Headers = [Content-Type:"text/plain;charset=UTF-8", Content-Length:"37"]
     Content type = text/plain;charset=UTF-8
             Body = Only JPEG / PNG file format supported
    Forwarded URL = null
   Redirected URL = null
          Cookies = []
]]></system-out>
  </testcase>
</testsuite>